# JRE version: OpenJDK Runtime Environment (8.0_76-b03) (build 1.8.0_76-release-b03)
# Java VM: OpenJDK 64-Bit Server VM (25.76-b03 mixed mode linux-amd64 compressed oops)
Heap:
 PSYoungGen      total 64000K, used 30786K [0x00000000e0000000, 0x00000000e5580000, 0x0000000100000000)
  eden space 56320K, 43% used [0x00000000e0000000,0x00000000e18117a0,0x00000000e3700000)
  from space 7680K, 79% used [0x00000000e3700000,0x00000000e3cff1a0,0x00000000e3e80000)
  to   space 8192K, 0% used [0x00000000e4d80000,0x00000000e4d80000,0x00000000e5580000)
 ParOldGen       total 57344K, used 26252K [0x00000000a0000000, 0x00000000a3800000, 0x00000000e0000000)
  object space 57344K, 45% used [0x00000000a0000000,0x00000000a19a3120,0x00000000a3800000)
 Metaspace       used 49361K, capacity 50770K, committed 51072K, reserved 1093632K
  class space    used 6652K, capacity 6993K, committed 7040K, reserved 1048576K
GC Heap History (10 events):
Event: 50.635 GC heap before
{Heap before GC invocations=19 (full 2):
 PSYoungGen      total 41984K, used 34304K [0x00000000e0000000, 0x00000000e3180000, 0x0000000100000000)
  eden space 34304K, 100% used [0x00000000e0000000,0x00000000e2180000,0x00000000e2180000)
  from space 7680K, 0% used [0x00000000e2a00000,0x00000000e2a00000,0x00000000e3180000)
  to   space 8192K, 0% used [0x00000000e2180000,0x00000000e2180000,0x00000000e2980000)
 ParOldGen       total 57344K, used 15274K [0x00000000a0000000, 0x00000000a3800000, 0x00000000e0000000)
  object space 57344K, 26% used [0x00000000a0000000,0x00000000a0eea830,0x00000000a3800000)
 Metaspace       used 35232K, capacity 36018K, committed 36608K, reserved 1081344K
  class space    used 4756K, capacity 4995K, committed 5120K, reserved 1048576K
Event: 50.643 GC heap after
Heap after GC invocations=19 (full 2):
 PSYoungGen      total 42496K, used 4408K [0x00000000e0000000, 0x00000000e3c00000, 0x0000000100000000)
  eden space 34304K, 0% used [0x00000000e0000000,0x00000000e0000000,0x00000000e2180000)
  from space 8192K, 53% used [0x00000000e2180000,0x00000000e25ce350,0x00000000e2980000)
  to   space 8192K, 0% used [0x00000000e3400000,0x00000000e3400000,0x00000000e3c00000)
 ParOldGen       total 57344K, used 15282K [0x00000000a0000000, 0x00000000a3800000, 0x00000000e0000000)
  object space 57344K, 26% used [0x00000000a0000000,0x00000000a0eec830,0x00000000a3800000)
 Metaspace       used 35232K, capacity 36018K, committed 36608K, reserved 1081344K
  class space    used 4756K, capacity 4995K, committed 5120K, reserved 1048576K
}
Event: 60.662 GC heap before
{Heap before GC invocations=20 (full 2):
 PSYoungGen      total 42496K, used 38712K [0x00000000e0000000, 0x00000000e3c00000, 0x0000000100000000)
  eden space 34304K, 100% used [0x00000000e0000000,0x00000000e2180000,0x00000000e2180000)
  from space 8192K, 53% used [0x00000000e2180000,0x00000000e25ce350,0x00000000e2980000)
  to   space 8192K, 0% used [0x00000000e3400000,0x00000000e3400000,0x00000000e3c00000)
 ParOldGen       total 57344K, used 15282K [0x00000000a0000000, 0x00000000a3800000, 0x00000000e0000000)
  object space 57344K, 26% used [0x00000000a0000000,0x00000000a0eec830,0x00000000a3800000)
 Metaspace       used 40840K, capacity 41710K, committed 42112K, reserved 1085440K
  class space    used 5492K, capacity 5733K, committed 5760K, reserved 1048576K
Event: 60.675 GC heap after
Heap after GC invocations=20 (full 2):
 PSYoungGen      total 50176K, used 2904K [0x00000000e0000000, 0x00000000e3a00000, 0x0000000100000000)
  eden space 44032K, 0% used [0x00000000e0000000,0x00000000e0000000,0x00000000e2b00000)
  from space 6144K, 47% used [0x00000000e3400000,0x00000000e36d60a0,0x00000000e3a00000)
  to   space 7680K, 0% used [0x00000000e2b00000,0x00000000e2b00000,0x00000000e3280000)
 ParOldGen       total 57344K, used 19365K [0x00000000a0000000, 0x00000000a3800000, 0x00000000e0000000)
  object space 57344K, 33% used [0x00000000a0000000,0x00000000a12e9658,0x00000000a3800000)
 Metaspace       used 40840K, capacity 41710K, committed 42112K, reserved 1085440K
  class space    used 5492K, capacity 5733K, committed 5760K, reserved 1048576K
}
Event: 62.706 GC heap before
{Heap before GC invocations=21 (full 2):
 PSYoungGen      total 50176K, used 46936K [0x00000000e0000000, 0x00000000e3a00000, 0x0000000100000000)
  eden space 44032K, 100% used [0x00000000e0000000,0x00000000e2b00000,0x00000000e2b00000)
  from space 6144K, 47% used [0x00000000e3400000,0x00000000e36d60a0,0x00000000e3a00000)
  to   space 7680K, 0% used [0x00000000e2b00000,0x00000000e2b00000,0x00000000e3280000)
 ParOldGen       total 57344K, used 19365K [0x00000000a0000000, 0x00000000a3800000, 0x00000000e0000000)
  object space 57344K, 33% used [0x00000000a0000000,0x00000000a12e9658,0x00000000a3800000)
 Metaspace       used 43057K, capacity 44026K, committed 44288K, reserved 1087488K
  class space    used 5781K, capacity 6035K, committed 6144K, reserved 1048576K
Event: 62.719 GC heap after
Heap after GC invocations=21 (full 2):
 PSYoungGen      total 51712K, used 4253K [0x00000000e0000000, 0x00000000e4600000, 0x0000000100000000)
  eden space 44032K, 0% used [0x00000000e0000000,0x00000000e0000000,0x00000000e2b00000)
  from space 7680K, 55% used [0x00000000e2b00000,0x00000000e2f27638,0x00000000e3280000)
  to   space 7680K, 0% used [0x00000000e3e80000,0x00000000e3e80000,0x00000000e4600000)
 ParOldGen       total 57344K, used 20506K [0x00000000a0000000, 0x00000000a3800000, 0x00000000e0000000)
  object space 57344K, 35% used [0x00000000a0000000,0x00000000a1406870,0x00000000a3800000)
 Metaspace       used 43057K, capacity 44026K, committed 44288K, reserved 1087488K
  class space    used 5781K, capacity 6035K, committed 6144K, reserved 1048576K
}
Event: 64.246 GC heap before
{Heap before GC invocations=22 (full 2):
 PSYoungGen      total 51712K, used 48285K [0x00000000e0000000, 0x00000000e4600000, 0x0000000100000000)
  eden space 44032K, 100% used [0x00000000e0000000,0x00000000e2b00000,0x00000000e2b00000)
  from space 7680K, 55% used [0x00000000e2b00000,0x00000000e2f27638,0x00000000e3280000)
  to   space 7680K, 0% used [0x00000000e3e80000,0x00000000e3e80000,0x00000000e4600000)
 ParOldGen       total 57344K, used 20506K [0x00000000a0000000, 0x00000000a3800000, 0x00000000e0000000)
  object space 57344K, 35% used [0x00000000a0000000,0x00000000a1406870,0x00000000a3800000)
 Metaspace       used 44916K, capacity 46052K, committed 46336K, reserved 1089536K
  class space    used 6082K, capacity 6330K, committed 6400K, reserved 1048576K
Event: 64.264 GC heap after
Heap after GC invocations=22 (full 2):
 PSYoungGen      total 64000K, used 4576K [0x00000000e0000000, 0x00000000e4680000, 0x0000000100000000)
  eden space 56320K, 0% used [0x00000000e0000000,0x00000000e0000000,0x00000000e3700000)
  from space 7680K, 59% used [0x00000000e3e80000,0x00000000e42f8328,0x00000000e4600000)
  to   space 7680K, 0% used [0x00000000e3700000,0x00000000e3700000,0x00000000e3e80000)
 ParOldGen       total 57344K, used 22810K [0x00000000a0000000, 0x00000000a3800000, 0x00000000e0000000)
  object space 57344K, 39% used [0x00000000a0000000,0x00000000a16468e0,0x00000000a3800000)
 Metaspace       used 44916K, capacity 46052K, committed 46336K, reserved 1089536K
  class space    used 6082K, capacity 6330K, committed 6400K, reserved 1048576K
}
Event: 69.462 GC heap before
{Heap before GC invocations=23 (full 2):
 PSYoungGen      total 64000K, used 60896K [0x00000000e0000000, 0x00000000e4680000, 0x0000000100000000)
  eden space 56320K, 100% used [0x00000000e0000000,0x00000000e3700000,0x00000000e3700000)
  from space 7680K, 59% used [0x00000000e3e80000,0x00000000e42f8328,0x00000000e4600000)
  to   space 7680K, 0% used [0x00000000e3700000,0x00000000e3700000,0x00000000e3e80000)
 ParOldGen       total 57344K, used 22810K [0x00000000a0000000, 0x00000000a3800000, 0x00000000e0000000)
  object space 57344K, 39% used [0x00000000a0000000,0x00000000a16468e0,0x00000000a3800000)
 Metaspace       used 48608K, capacity 49964K, committed 50176K, reserved 1093632K
  class space    used 6534K, capacity 6854K, committed 6912K, reserved 1048576K
Event: 69.478 GC heap after
Heap after GC invocations=23 (full 2):
 PSYoungGen      total 64000K, used 6140K [0x00000000e0000000, 0x00000000e5580000, 0x0000000100000000)
  eden space 56320K, 0% used [0x00000000e0000000,0x00000000e0000000,0x00000000e3700000)
  from space 7680K, 79% used [0x00000000e3700000,0x00000000e3cff1a0,0x00000000e3e80000)
  to   space 8192K, 0% used [0x00000000e4d80000,0x00000000e4d80000,0x00000000e5580000)
 ParOldGen       total 57344K, used 26252K [0x00000000a0000000, 0x00000000a3800000, 0x00000000e0000000)
  object space 57344K, 45% used [0x00000000a0000000,0x00000000a19a3120,0x00000000a3800000)
 Metaspace       used 48608K, capacity 49964K, committed 50176K, reserved 1093632K
  class space    used 6534K, capacity 6854K, committed 6912K, reserved 1048576K
}

